# JRE version: Java(TM) SE Runtime Environment (16.0.2+7) (build 16.0.2+7-67)
# Java VM: Java HotSpot(TM) 64-Bit Server VM (16.0.2+7-67, mixed mode, sharing, tiered, compressed oops, compressed class ptrs, g1 gc, windows-amd64)
GC Precious Log:
 CPUs: 12 total, 12 available
 Memory: 15741M
 Large Page Support: Disabled
 NUMA Support: Disabled
 Compressed Oops: Enabled (Zero based)
 Heap Region Size: 2M
 Heap Min Capacity: 8M
 Heap Initial Capacity: 246M
 Heap Max Capacity: 3936M
 Pre-touch: Disabled
 Parallel Workers: 10
 Concurrent Workers: 3
 Concurrent Refinement Workers: 10
 Periodic GC: Disabled
Heap:
 garbage-first heap   total 122880K, used 95638K [0x000000070a000000, 0x0000000800000000)
  region size 2048K, 25 young (51200K), 3 survivors (6144K)
 Metaspace       used 31526K, committed 31744K, reserved 1081344K
  class space    used 3544K, committed 3648K, reserved 1048576K
GC Heap History (14 events):
Event: 0.926 GC heap before
{Heap before GC invocations=0 (full 0):
 garbage-first heap   total 251904K, used 20480K [0x000000070a000000, 0x0000000800000000)
  region size 2048K, 11 young (22528K), 0 survivors (0K)
 Metaspace       used 6511K, committed 6720K, reserved 1056768K
  class space    used 584K, committed 704K, reserved 1048576K
}
Event: 0.931 GC heap after
{Heap after GC invocations=1 (full 0):
 garbage-first heap   total 251904K, used 4969K [0x000000070a000000, 0x0000000800000000)
  region size 2048K, 2 young (4096K), 2 survivors (4096K)
 Metaspace       used 6511K, committed 6720K, reserved 1056768K
  class space    used 584K, committed 704K, reserved 1048576K
}
Event: 1.501 GC heap before
{Heap before GC invocations=1 (full 0):
 garbage-first heap   total 251904K, used 35689K [0x000000070a000000, 0x0000000800000000)
  region size 2048K, 17 young (34816K), 2 survivors (4096K)
 Metaspace       used 9106K, committed 9280K, reserved 1064960K
  class space    used 790K, committed 896K, reserved 1048576K
}
Event: 1.529 GC heap after
{Heap after GC invocations=2 (full 0):
 garbage-first heap   total 251904K, used 13214K [0x000000070a000000, 0x0000000800000000)
  region size 2048K, 3 young (6144K), 3 survivors (6144K)
 Metaspace       used 9106K, committed 9280K, reserved 1064960K
  class space    used 790K, committed 896K, reserved 1048576K
}
Event: 2.371 GC heap before
{Heap before GC invocations=2 (full 0):
 garbage-first heap   total 251904K, used 68510K [0x000000070a000000, 0x0000000800000000)
  region size 2048K, 30 young (61440K), 3 survivors (6144K)
 Metaspace       used 12307K, committed 12416K, reserved 1064960K
  class space    used 1064K, committed 1088K, reserved 1048576K
}
Event: 2.400 GC heap after
{Heap after GC invocations=3 (full 0):
 garbage-first heap   total 251904K, used 20910K [0x000000070a000000, 0x0000000800000000)
  region size 2048K, 4 young (8192K), 4 survivors (8192K)
 Metaspace       used 12307K, committed 12416K, reserved 1064960K
  class space    used 1064K, committed 1088K, reserved 1048576K
}
Event: 3.556 GC heap before
{Heap before GC invocations=3 (full 0):
 garbage-first heap   total 251904K, used 88494K [0x000000070a000000, 0x0000000800000000)
  region size 2048K, 37 young (75776K), 4 survivors (8192K)
 Metaspace       used 18169K, committed 18368K, reserved 1073152K
  class space    used 1818K, committed 1920K, reserved 1048576K
}
Event: 3.564 GC heap after
{Heap after GC invocations=4 (full 0):
 garbage-first heap   total 251904K, used 28354K [0x000000070a000000, 0x0000000800000000)
  region size 2048K, 4 young (8192K), 4 survivors (8192K)
 Metaspace       used 18169K, committed 18368K, reserved 1073152K
  class space    used 1818K, committed 1920K, reserved 1048576K
}
Event: 4.822 GC heap before
{Heap before GC invocations=4 (full 0):
 garbage-first heap   total 251904K, used 77506K [0x000000070a000000, 0x0000000800000000)
  region size 2048K, 29 young (59392K), 4 survivors (8192K)
 Metaspace       used 21068K, committed 21248K, reserved 1073152K
  class space    used 2215K, committed 2304K, reserved 1048576K
}
Event: 4.828 GC heap after
{Heap after GC invocations=5 (full 0):
 garbage-first heap   total 251904K, used 32783K [0x000000070a000000, 0x0000000800000000)
  region size 2048K, 6 young (12288K), 6 survivors (12288K)
 Metaspace       used 21068K, committed 21248K, reserved 1073152K
  class space    used 2215K, committed 2304K, reserved 1048576K
}
Event: 5.444 GC heap before
{Heap before GC invocations=6 (full 0):
 garbage-first heap   total 122880K, used 94223K [0x000000070a000000, 0x0000000800000000)
  region size 2048K, 36 young (73728K), 6 survivors (12288K)
 Metaspace       used 26894K, committed 27136K, reserved 1081344K
  class space    used 2885K, committed 3008K, reserved 1048576K
}
Event: 5.476 GC heap after
{Heap after GC invocations=7 (full 0):
 garbage-first heap   total 122880K, used 40421K [0x000000070a000000, 0x0000000800000000)
  region size 2048K, 5 young (10240K), 5 survivors (10240K)
 Metaspace       used 26894K, committed 27136K, reserved 1081344K
  class space    used 2885K, committed 3008K, reserved 1048576K
}
Event: 6.005 GC heap before
{Heap before GC invocations=7 (full 0):
 garbage-first heap   total 122880K, used 87525K [0x000000070a000000, 0x0000000800000000)
  region size 2048K, 28 young (57344K), 5 survivors (10240K)
 Metaspace       used 29228K, committed 29440K, reserved 1081344K
  class space    used 3205K, committed 3264K, reserved 1048576K
}
Event: 6.018 GC heap after
{Heap after GC invocations=8 (full 0):
 garbage-first heap   total 122880K, used 46486K [0x000000070a000000, 0x0000000800000000)
  region size 2048K, 3 young (6144K), 3 survivors (6144K)
 Metaspace       used 29228K, committed 29440K, reserved 1081344K
  class space    used 3205K, committed 3264K, reserved 1048576K
}

