# JRE version: Java(TM) SE Runtime Environment (16.0.2+7) (build 16.0.2+7-67)
# Java VM: Java HotSpot(TM) 64-Bit Server VM (16.0.2+7-67, mixed mode, sharing, tiered, compressed oops, compressed class ptrs, g1 gc, windows-amd64)
GC Precious Log:
 CPUs: 12 total, 12 available
 Memory: 15741M
 Large Page Support: Disabled
 NUMA Support: Disabled
 Compressed Oops: Enabled (Zero based)
 Heap Region Size: 2M
 Heap Min Capacity: 8M
 Heap Initial Capacity: 246M
 Heap Max Capacity: 3936M
 Pre-touch: Disabled
 Parallel Workers: 10
 Concurrent Workers: 3
 Concurrent Refinement Workers: 10
 Periodic GC: Disabled
Heap:
 garbage-first heap   total 151552K, used 83306K [0x000000070a000000, 0x0000000800000000)
  region size 2048K, 18 young (36864K), 2 survivors (4096K)
 Metaspace       used 33003K, committed 33216K, reserved 1081344K
  class space    used 3751K, committed 3840K, reserved 1048576K
GC Heap History (16 events):
Event: 0.906 GC heap before
{Heap before GC invocations=0 (full 0):
 garbage-first heap   total 251904K, used 20480K [0x000000070a000000, 0x0000000800000000)
  region size 2048K, 11 young (22528K), 0 survivors (0K)
 Metaspace       used 6481K, committed 6656K, reserved 1056768K
  class space    used 581K, committed 704K, reserved 1048576K
}
Event: 0.911 GC heap after
{Heap after GC invocations=1 (full 0):
 garbage-first heap   total 251904K, used 5045K [0x000000070a000000, 0x0000000800000000)
  region size 2048K, 2 young (4096K), 2 survivors (4096K)
 Metaspace       used 6481K, committed 6656K, reserved 1056768K
  class space    used 581K, committed 704K, reserved 1048576K
}
Event: 1.471 GC heap before
{Heap before GC invocations=1 (full 0):
 garbage-first heap   total 251904K, used 35765K [0x000000070a000000, 0x0000000800000000)
  region size 2048K, 17 young (34816K), 2 survivors (4096K)
 Metaspace       used 9122K, committed 9280K, reserved 1064960K
  class space    used 788K, committed 896K, reserved 1048576K
}
Event: 1.498 GC heap after
{Heap after GC invocations=2 (full 0):
 garbage-first heap   total 251904K, used 12349K [0x000000070a000000, 0x0000000800000000)
  region size 2048K, 3 young (6144K), 3 survivors (6144K)
 Metaspace       used 9122K, committed 9280K, reserved 1064960K
  class space    used 788K, committed 896K, reserved 1048576K
}
Event: 2.315 GC heap before
{Heap before GC invocations=2 (full 0):
 garbage-first heap   total 251904K, used 67645K [0x000000070a000000, 0x0000000800000000)
  region size 2048K, 30 young (61440K), 3 survivors (6144K)
 Metaspace       used 12288K, committed 12416K, reserved 1064960K
  class space    used 1055K, committed 1088K, reserved 1048576K
}
Event: 2.342 GC heap after
{Heap after GC invocations=3 (full 0):
 garbage-first heap   total 251904K, used 18171K [0x000000070a000000, 0x0000000800000000)
  region size 2048K, 3 young (6144K), 3 survivors (6144K)
 Metaspace       used 12288K, committed 12416K, reserved 1064960K
  class space    used 1055K, committed 1088K, reserved 1048576K
}
Event: 4.881 GC heap before
{Heap before GC invocations=3 (full 0):
 garbage-first heap   total 251904K, used 104187K [0x000000070a000000, 0x0000000800000000)
  region size 2048K, 45 young (92160K), 3 survivors (6144K)
 Metaspace       used 19572K, committed 19712K, reserved 1073152K
  class space    used 2028K, committed 2112K, reserved 1048576K
}
Event: 4.907 GC heap after
{Heap after GC invocations=4 (full 0):
 garbage-first heap   total 251904K, used 26405K [0x000000070a000000, 0x0000000800000000)
  region size 2048K, 6 young (12288K), 6 survivors (12288K)
 Metaspace       used 19572K, committed 19712K, reserved 1073152K
  class space    used 2028K, committed 2112K, reserved 1048576K
}
Event: 5.171 GC heap before
{Heap before GC invocations=4 (full 0):
 garbage-first heap   total 251904K, used 57125K [0x000000070a000000, 0x0000000800000000)
  region size 2048K, 22 young (45056K), 6 survivors (12288K)
 Metaspace       used 21067K, committed 21248K, reserved 1073152K
  class space    used 2214K, committed 2304K, reserved 1048576K
}
Event: 5.186 GC heap after
{Heap after GC invocations=5 (full 0):
 garbage-first heap   total 251904K, used 30387K [0x000000070a000000, 0x0000000800000000)
  region size 2048K, 6 young (12288K), 6 survivors (12288K)
 Metaspace       used 21067K, committed 21248K, reserved 1073152K
  class space    used 2214K, committed 2304K, reserved 1048576K
}
Event: 5.786 GC heap before
{Heap before GC invocations=6 (full 0):
 garbage-first heap   total 116736K, used 87731K [0x000000070a000000, 0x0000000800000000)
  region size 2048K, 34 young (69632K), 6 survivors (12288K)
 Metaspace       used 26633K, committed 26880K, reserved 1081344K
  class space    used 2853K, committed 2944K, reserved 1048576K
}
Event: 5.800 GC heap after
{Heap after GC invocations=7 (full 0):
 garbage-first heap   total 116736K, used 37587K [0x000000070a000000, 0x0000000800000000)
  region size 2048K, 5 young (10240K), 5 survivors (10240K)
 Metaspace       used 26633K, committed 26880K, reserved 1081344K
  class space    used 2853K, committed 2944K, reserved 1048576K
}
Event: 6.242 GC heap before
{Heap before GC invocations=7 (full 0):
 garbage-first heap   total 116736K, used 82643K [0x000000070a000000, 0x0000000800000000)
  region size 2048K, 27 young (55296K), 5 survivors (10240K)
 Metaspace       used 28839K, committed 29120K, reserved 1081344K
  class space    used 3167K, committed 3264K, reserved 1048576K
}
Event: 6.256 GC heap after
{Heap after GC invocations=8 (full 0):
 garbage-first heap   total 116736K, used 43136K [0x000000070a000000, 0x0000000800000000)
  region size 2048K, 3 young (6144K), 3 survivors (6144K)
 Metaspace       used 28839K, committed 29120K, reserved 1081344K
  class space    used 3167K, committed 3264K, reserved 1048576K
}
Event: 10.067 GC heap before
{Heap before GC invocations=8 (full 0):
 garbage-first heap   total 116736K, used 88192K [0x000000070a000000, 0x0000000800000000)
  region size 2048K, 23 young (47104K), 3 survivors (6144K)
 Metaspace       used 31109K, committed 31360K, reserved 1081344K
  class space    used 3483K, committed 3584K, reserved 1048576K
}
Event: 10.075 GC heap after
{Heap after GC invocations=9 (full 0):
 garbage-first heap   total 151552K, used 52586K [0x000000070a000000, 0x0000000800000000)
  region size 2048K, 2 young (4096K), 2 survivors (4096K)
 Metaspace       used 31109K, committed 31360K, reserved 1081344K
  class space    used 3483K, committed 3584K, reserved 1048576K
}

